2023-09-07 10:41:08.246  INFO 15724 --- [main] c.nest.epargne.EpargneApplicationTests   : Starting EpargneApplicationTests using Java 17.0.7 on Arouna with PID 15724 (started by Arouna in H:\MES-PROJET\epargne-backend)
2023-09-07 10:41:08.262  INFO 15724 --- [main] c.nest.epargne.EpargneApplicationTests   : No active profile set, falling back to default profiles: default
2023-09-07 10:41:10.529  INFO 15724 --- [main] .s.d.r.c.RepositoryConfigurationDelegate : Bootstrapping Spring Data JPA repositories in DEFAULT mode.
2023-09-07 10:41:10.702  INFO 15724 --- [main] .s.d.r.c.RepositoryConfigurationDelegate : Finished Spring Data repository scanning in 157 ms. Found 6 JPA repository interfaces.
2023-09-07 10:41:11.784  INFO 15724 --- [main] trationDelegate$BeanPostProcessorChecker : Bean 'org.springframework.security.access.expression.method.DefaultMethodSecurityExpressionHandler@40113163' of type [org.springframework.security.access.expression.method.DefaultMethodSecurityExpressionHandler] is not eligible for getting processed by all BeanPostProcessors (for example: not eligible for auto-proxying)
2023-09-07 10:41:11.815  INFO 15724 --- [main] trationDelegate$BeanPostProcessorChecker : Bean 'methodSecurityMetadataSource' of type [org.springframework.security.access.method.DelegatingMethodSecurityMetadataSource] is not eligible for getting processed by all BeanPostProcessors (for example: not eligible for auto-proxying)
2023-09-07 10:41:12.332  INFO 15724 --- [main] o.hibernate.jpa.internal.util.LogHelper  : HHH000204: Processing PersistenceUnitInfo [name: default]
2023-09-07 10:41:12.489  INFO 15724 --- [main] org.hibernate.Version                    : HHH000412: Hibernate ORM core version 5.4.32.Final
2023-09-07 10:41:12.975  INFO 15724 --- [main] o.hibernate.annotations.common.Version   : HCANN000001: Hibernate Commons Annotations {5.1.2.Final}
2023-09-07 10:41:13.655  INFO 15724 --- [main] com.zaxxer.hikari.HikariDataSource       : HikariPool-1 - Starting...
2023-09-07 10:41:14.294  INFO 15724 --- [main] com.zaxxer.hikari.HikariDataSource       : HikariPool-1 - Start completed.
2023-09-07 10:41:14.388  INFO 15724 --- [main] org.hibernate.dialect.Dialect            : HHH000400: Using dialect: org.hibernate.dialect.PostgreSQLDialect
2023-09-07 10:41:17.040  INFO 15724 --- [main] o.h.e.t.j.p.i.JtaPlatformInitiator       : HHH000490: Using JtaPlatform implementation: [org.hibernate.engine.transaction.jta.platform.internal.NoJtaPlatform]
2023-09-07 10:41:17.072  INFO 15724 --- [main] j.LocalContainerEntityManagerFactoryBean : Initialized JPA EntityManagerFactory for persistence unit 'default'
2023-09-07 10:41:18.641  WARN 15724 --- [main] JpaBaseConfiguration$JpaWebConfiguration : spring.jpa.open-in-view is enabled by default. Therefore, database queries may be performed during view rendering. Explicitly configure spring.jpa.open-in-view to disable this warning
2023-09-07 10:41:20.370  INFO 15724 --- [main] o.s.s.web.DefaultSecurityFilterChain     : Will secure any request with [org.springframework.security.web.context.request.async.WebAsyncManagerIntegrationFilter@2e27325d, org.springframework.security.web.context.SecurityContextPersistenceFilter@49c37918, org.springframework.security.web.header.HeaderWriterFilter@3a5b1af7, org.springframework.security.web.authentication.logout.LogoutFilter@4df13b7e, com.nest.epargne.security.JWTAuthorizationFilter@cae4952, org.springframework.security.web.savedrequest.RequestCacheAwareFilter@4d22265c, org.springframework.security.web.servletapi.SecurityContextHolderAwareRequestFilter@5b8b9b2d, org.springframework.security.web.authentication.AnonymousAuthenticationFilter@7095b688, org.springframework.security.web.session.SessionManagementFilter@761a0bbd, org.springframework.security.web.access.ExceptionTranslationFilter@7dda5b25, org.springframework.security.web.access.intercept.FilterSecurityInterceptor@e638553]
2023-09-07 10:41:21.838  INFO 15724 --- [main] o.s.b.a.w.s.WelcomePageHandlerMapping    : Adding welcome page: class path resource [static/index.html]
2023-09-07 10:41:25.056  INFO 15724 --- [main] c.nest.epargne.EpargneApplicationTests   : Started EpargneApplicationTests in 17.799 seconds (JVM running for 20.431)
2023-09-07 10:41:25.674  INFO 15724 --- [main] c.nest.epargne.services.AccountService   :  Le compte par defaut a ÈtÈ crÈe avec un code : 201 :Ce numÈro de tÈlÈphone est dÈj‡ utilisÈ svp !
2023-09-07 10:41:26.574  INFO 15724 --- [main] o.s.t.c.s.DefaultTestContextBootstrapper : Neither @ContextConfiguration nor @ContextHierarchy found for test class [com.nest.epargne.service.AccountServiceTest], using DelegatingSmartContextLoader
2023-09-07 10:41:26.576  INFO 15724 --- [main] o.s.t.c.support.AbstractContextLoader    : Could not detect default resource locations for test class [com.nest.epargne.service.AccountServiceTest]: no resource found for suffixes {-context.xml}.
2023-09-07 10:41:26.579  INFO 15724 --- [main] t.c.s.AnnotationConfigContextLoaderUtils : Could not detect default configuration classes for test class [com.nest.epargne.service.AccountServiceTest]: AccountServiceTest does not declare any static, non-private, non-final, nested classes annotated with @Configuration.
2023-09-07 10:41:26.586  INFO 15724 --- [main] o.s.t.c.s.DefaultTestContextBootstrapper : Loaded default TestExecutionListener class names from location [META-INF/spring.factories]: [org.springframework.boot.test.mock.mockito.MockitoTestExecutionListener, org.springframework.boot.test.mock.mockito.ResetMocksTestExecutionListener, org.springframework.boot.test.autoconfigure.restdocs.RestDocsTestExecutionListener, org.springframework.boot.test.autoconfigure.web.client.MockRestServiceServerResetTestExecutionListener, org.springframework.boot.test.autoconfigure.web.servlet.MockMvcPrintOnlyOnFailureTestExecutionListener, org.springframework.boot.test.autoconfigure.web.servlet.WebDriverTestExecutionListener, org.springframework.boot.test.autoconfigure.webservices.client.MockWebServiceServerTestExecutionListener, org.springframework.test.context.web.ServletTestExecutionListener, org.springframework.test.context.support.DirtiesContextBeforeModesTestExecutionListener, org.springframework.test.context.event.ApplicationEventsTestExecutionListener, org.springframework.test.context.support.DependencyInjectionTestExecutionListener, org.springframework.test.context.support.DirtiesContextTestExecutionListener, org.springframework.test.context.transaction.TransactionalTestExecutionListener, org.springframework.test.context.jdbc.SqlScriptsTestExecutionListener, org.springframework.test.context.event.EventPublishingTestExecutionListener]
2023-09-07 10:41:26.588  INFO 15724 --- [main] o.s.t.c.s.DefaultTestContextBootstrapper : Using TestExecutionListeners: [org.springframework.test.context.web.ServletTestExecutionListener@3a4d0ca2, org.springframework.test.context.support.DirtiesContextBeforeModesTestExecutionListener@149162a4, org.springframework.test.context.event.ApplicationEventsTestExecutionListener@2b8a11d7, org.springframework.boot.test.mock.mockito.MockitoTestExecutionListener@1391d95f, org.springframework.test.context.support.DependencyInjectionTestExecutionListener@416bff93, org.springframework.test.context.support.DirtiesContextTestExecutionListener@5ef03158, org.springframework.test.context.transaction.TransactionalTestExecutionListener@258f97f8, org.springframework.test.context.jdbc.SqlScriptsTestExecutionListener@38c9e937, org.springframework.test.context.event.EventPublishingTestExecutionListener@26401eda, org.springframework.boot.test.mock.mockito.ResetMocksTestExecutionListener@79e591bb, org.springframework.boot.test.autoconfigure.restdocs.RestDocsTestExecutionListener@208ce928, org.springframework.boot.test.autoconfigure.web.client.MockRestServiceServerResetTestExecutionListener@577b2c5f, org.springframework.boot.test.autoconfigure.web.servlet.MockMvcPrintOnlyOnFailureTestExecutionListener@71eb4ea4, org.springframework.boot.test.autoconfigure.web.servlet.WebDriverTestExecutionListener@2456716b, org.springframework.boot.test.autoconfigure.webservices.client.MockWebServiceServerTestExecutionListener@63541960]
2023-09-07 10:41:27.502  INFO 15724 --- [SpringApplicationShutdownHook] j.LocalContainerEntityManagerFactoryBean : Closing JPA EntityManagerFactory for persistence unit 'default'
2023-09-07 10:41:27.519  INFO 15724 --- [SpringApplicationShutdownHook] com.zaxxer.hikari.HikariDataSource       : HikariPool-1 - Shutdown initiated...
2023-09-07 10:41:27.555  INFO 15724 --- [SpringApplicationShutdownHook] com.zaxxer.hikari.HikariDataSource       : HikariPool-1 - Shutdown completed.
2023-09-07 11:22:01.066  INFO 4888 --- [restartedMain] com.nest.epargne.EpargneApplication      : Starting EpargneApplication using Java 17.0.7 on Arouna with PID 4888 (H:\MES-PROJET\epargne-backend\target\classes started by Arouna in H:\MES-PROJET\epargne-backend)
2023-09-07 11:22:01.066  INFO 4888 --- [restartedMain] com.nest.epargne.EpargneApplication      : No active profile set, falling back to default profiles: default
2023-09-07 11:22:01.188  INFO 4888 --- [restartedMain] o.s.b.devtools.restart.ChangeableUrls    : The Class-Path manifest attribute in C:\Users\yabyo\.m2\repository\org\glassfish\hk2\hk2\2.6.1\hk2-2.6.1.jar referenced one or more files that do not exist: file:/C:/Users/yabyo/.m2/repository/org/glassfish/hk2/hk2/2.6.1/hk2-utils.jar,file:/C:/Users/yabyo/.m2/repository/org/glassfish/hk2/hk2/2.6.1/jakarta.annotation-api.jar,file:/C:/Users/yabyo/.m2/repository/org/glassfish/hk2/hk2/2.6.1/jakarta.inject.jar,file:/C:/Users/yabyo/.m2/repository/org/glassfish/hk2/hk2/2.6.1/hk2-api.jar,file:/C:/Users/yabyo/.m2/repository/org/glassfish/hk2/hk2/2.6.1/aopalliance-repackaged.jar,file:/C:/Users/yabyo/.m2/repository/org/glassfish/hk2/hk2/2.6.1/hk2-core.jar,file:/C:/Users/yabyo/.m2/repository/org/glassfish/hk2/hk2/2.6.1/hk2-locator.jar,file:/C:/Users/yabyo/.m2/repository/org/glassfish/hk2/hk2/2.6.1/javassist.jar,file:/C:/Users/yabyo/.m2/repository/org/glassfish/hk2/hk2/2.6.1/hk2-runlevel.jar,file:/C:/Users/yabyo/.m2/repository/org/glassfish/hk2/hk2/2.6.1/class-model.jar,file:/C:/Users/yabyo/.m2/repository/org/glassfish/hk2/hk2/2.6.1/asm.jar,file:/C:/Users/yabyo/.m2/repository/org/glassfish/hk2/hk2/2.6.1/asm-analysis.jar,file:/C:/Users/yabyo/.m2/repository/org/glassfish/hk2/hk2/2.6.1/asm-commons.jar,file:/C:/Users/yabyo/.m2/repository/org/glassfish/hk2/hk2/2.6.1/asm-tree.jar,file:/C:/Users/yabyo/.m2/repository/org/glassfish/hk2/hk2/2.6.1/asm-util.jar
2023-09-07 11:22:01.188  INFO 4888 --- [restartedMain] .e.DevToolsPropertyDefaultsPostProcessor : Devtools property defaults active! Set 'spring.devtools.add-properties' to 'false' to disable
2023-09-07 11:22:01.188  INFO 4888 --- [restartedMain] .e.DevToolsPropertyDefaultsPostProcessor : For additional web related logging consider setting the 'logging.level.web' property to 'DEBUG'
2023-09-07 11:22:03.158  INFO 4888 --- [restartedMain] .s.d.r.c.RepositoryConfigurationDelegate : Bootstrapping Spring Data JPA repositories in DEFAULT mode.
2023-09-07 11:22:03.330  INFO 4888 --- [restartedMain] .s.d.r.c.RepositoryConfigurationDelegate : Finished Spring Data repository scanning in 146 ms. Found 6 JPA repository interfaces.
2023-09-07 11:22:04.367  INFO 4888 --- [restartedMain] trationDelegate$BeanPostProcessorChecker : Bean 'org.springframework.security.access.expression.method.DefaultMethodSecurityExpressionHandler@6614cd37' of type [org.springframework.security.access.expression.method.DefaultMethodSecurityExpressionHandler] is not eligible for getting processed by all BeanPostProcessors (for example: not eligible for auto-proxying)
2023-09-07 11:22:04.367  INFO 4888 --- [restartedMain] trationDelegate$BeanPostProcessorChecker : Bean 'methodSecurityMetadataSource' of type [org.springframework.security.access.method.DelegatingMethodSecurityMetadataSource] is not eligible for getting processed by all BeanPostProcessors (for example: not eligible for auto-proxying)
2023-09-07 11:22:05.636  INFO 4888 --- [restartedMain] o.s.b.w.embedded.tomcat.TomcatWebServer  : Tomcat initialized with port(s): 7070 (https)
2023-09-07 11:22:05.656  INFO 4888 --- [restartedMain] o.apache.catalina.core.StandardService   : Starting service [Tomcat]
2023-09-07 11:22:05.656  INFO 4888 --- [restartedMain] org.apache.catalina.core.StandardEngine  : Starting Servlet engine: [Apache Tomcat/9.0.48]
2023-09-07 11:22:06.205  INFO 4888 --- [restartedMain] o.a.c.c.C.[Tomcat].[localhost].[/]       : Initializing Spring embedded WebApplicationContext
2023-09-07 11:22:06.205  INFO 4888 --- [restartedMain] w.s.c.ServletWebServerApplicationContext : Root WebApplicationContext: initialization completed in 5017 ms
2023-09-07 11:22:06.677  INFO 4888 --- [restartedMain] o.hibernate.jpa.internal.util.LogHelper  : HHH000204: Processing PersistenceUnitInfo [name: default]
2023-09-07 11:22:06.847  INFO 4888 --- [restartedMain] org.hibernate.Version                    : HHH000412: Hibernate ORM core version 5.4.32.Final
2023-09-07 11:22:07.289  INFO 4888 --- [restartedMain] o.hibernate.annotations.common.Version   : HCANN000001: Hibernate Commons Annotations {5.1.2.Final}
2023-09-07 11:22:07.634  INFO 4888 --- [restartedMain] com.zaxxer.hikari.HikariDataSource       : HikariPool-1 - Starting...
2023-09-07 11:22:08.073  INFO 4888 --- [restartedMain] com.zaxxer.hikari.HikariDataSource       : HikariPool-1 - Start completed.
2023-09-07 11:22:08.120  INFO 4888 --- [restartedMain] org.hibernate.dialect.Dialect            : HHH000400: Using dialect: org.hibernate.dialect.PostgreSQLDialect
2023-09-07 11:22:09.895  INFO 4888 --- [restartedMain] o.h.e.t.j.p.i.JtaPlatformInitiator       : HHH000490: Using JtaPlatform implementation: [org.hibernate.engine.transaction.jta.platform.internal.NoJtaPlatform]
2023-09-07 11:22:09.910  INFO 4888 --- [restartedMain] j.LocalContainerEntityManagerFactoryBean : Initialized JPA EntityManagerFactory for persistence unit 'default'
2023-09-07 11:22:10.957  WARN 4888 --- [restartedMain] JpaBaseConfiguration$JpaWebConfiguration : spring.jpa.open-in-view is enabled by default. Therefore, database queries may be performed during view rendering. Explicitly configure spring.jpa.open-in-view to disable this warning
2023-09-07 11:22:11.716  INFO 4888 --- [restartedMain] o.s.s.web.DefaultSecurityFilterChain     : Will secure any request with [org.springframework.security.web.context.request.async.WebAsyncManagerIntegrationFilter@36dee3f5, org.springframework.security.web.context.SecurityContextPersistenceFilter@655db16b, org.springframework.security.web.header.HeaderWriterFilter@a42d97a, org.springframework.security.web.authentication.logout.LogoutFilter@2a260790, com.nest.epargne.security.JWTAuthorizationFilter@42fcab0d, org.springframework.security.web.savedrequest.RequestCacheAwareFilter@f011425, org.springframework.security.web.servletapi.SecurityContextHolderAwareRequestFilter@29ccf34, org.springframework.security.web.authentication.AnonymousAuthenticationFilter@2288c1e8, org.springframework.security.web.session.SessionManagementFilter@4ddba76a, org.springframework.security.web.access.ExceptionTranslationFilter@22ea6aee, org.springframework.security.web.access.intercept.FilterSecurityInterceptor@2f52d941]
2023-09-07 11:22:12.235  INFO 4888 --- [restartedMain] o.s.b.a.w.s.WelcomePageHandlerMapping    : Adding welcome page: class path resource [static/index.html]
2023-09-07 11:22:12.737  INFO 4888 --- [restartedMain] o.s.b.d.a.OptionalLiveReloadServer       : LiveReload server is running on port 35729
2023-09-07 11:22:13.522  INFO 4888 --- [restartedMain] o.s.b.w.embedded.tomcat.TomcatWebServer  : Tomcat started on port(s): 7070 (https) with context path ''
2023-09-07 11:22:13.569  INFO 4888 --- [restartedMain] com.nest.epargne.EpargneApplication      : Started EpargneApplication in 13.495 seconds (JVM running for 15.077)
2023-09-07 11:22:13.913  INFO 4888 --- [restartedMain] c.nest.epargne.services.AccountService   :  Le compte par defaut a √©t√© cr√©e avec un code : 201 :Ce num√©ro de t√©l√©phone est d√©j√† utilis√© svp !
2023-09-07 11:25:02.068  INFO 4888 --- [SpringApplicationShutdownHook] j.LocalContainerEntityManagerFactoryBean : Closing JPA EntityManagerFactory for persistence unit 'default'
2023-09-07 11:25:02.085  INFO 4888 --- [SpringApplicationShutdownHook] com.zaxxer.hikari.HikariDataSource       : HikariPool-1 - Shutdown initiated...
2023-09-07 11:25:02.103  INFO 4888 --- [SpringApplicationShutdownHook] com.zaxxer.hikari.HikariDataSource       : HikariPool-1 - Shutdown completed.
2023-09-07 11:25:10.993  INFO 4956 --- [restartedMain] com.nest.epargne.EpargneApplication      : Starting EpargneApplication using Java 17.0.7 on Arouna with PID 4956 (H:\MES-PROJET\epargne-backend\target\classes started by Arouna in H:\MES-PROJET\epargne-backend)
2023-09-07 11:25:10.998  INFO 4956 --- [restartedMain] com.nest.epargne.EpargneApplication      : No active profile set, falling back to default profiles: default
2023-09-07 11:25:11.101  INFO 4956 --- [restartedMain] o.s.b.devtools.restart.ChangeableUrls    : The Class-Path manifest attribute in C:\Users\yabyo\.m2\repository\org\glassfish\hk2\hk2\2.6.1\hk2-2.6.1.jar referenced one or more files that do not exist: file:/C:/Users/yabyo/.m2/repository/org/glassfish/hk2/hk2/2.6.1/hk2-utils.jar,file:/C:/Users/yabyo/.m2/repository/org/glassfish/hk2/hk2/2.6.1/jakarta.annotation-api.jar,file:/C:/Users/yabyo/.m2/repository/org/glassfish/hk2/hk2/2.6.1/jakarta.inject.jar,file:/C:/Users/yabyo/.m2/repository/org/glassfish/hk2/hk2/2.6.1/hk2-api.jar,file:/C:/Users/yabyo/.m2/repository/org/glassfish/hk2/hk2/2.6.1/aopalliance-repackaged.jar,file:/C:/Users/yabyo/.m2/repository/org/glassfish/hk2/hk2/2.6.1/hk2-core.jar,file:/C:/Users/yabyo/.m2/repository/org/glassfish/hk2/hk2/2.6.1/hk2-locator.jar,file:/C:/Users/yabyo/.m2/repository/org/glassfish/hk2/hk2/2.6.1/javassist.jar,file:/C:/Users/yabyo/.m2/repository/org/glassfish/hk2/hk2/2.6.1/hk2-runlevel.jar,file:/C:/Users/yabyo/.m2/repository/org/glassfish/hk2/hk2/2.6.1/class-model.jar,file:/C:/Users/yabyo/.m2/repository/org/glassfish/hk2/hk2/2.6.1/asm.jar,file:/C:/Users/yabyo/.m2/repository/org/glassfish/hk2/hk2/2.6.1/asm-analysis.jar,file:/C:/Users/yabyo/.m2/repository/org/glassfish/hk2/hk2/2.6.1/asm-commons.jar,file:/C:/Users/yabyo/.m2/repository/org/glassfish/hk2/hk2/2.6.1/asm-tree.jar,file:/C:/Users/yabyo/.m2/repository/org/glassfish/hk2/hk2/2.6.1/asm-util.jar
2023-09-07 11:25:11.102  INFO 4956 --- [restartedMain] .e.DevToolsPropertyDefaultsPostProcessor : Devtools property defaults active! Set 'spring.devtools.add-properties' to 'false' to disable
2023-09-07 11:25:11.116  INFO 4956 --- [restartedMain] .e.DevToolsPropertyDefaultsPostProcessor : For additional web related logging consider setting the 'logging.level.web' property to 'DEBUG'
2023-09-07 11:25:13.778  INFO 4956 --- [restartedMain] .s.d.r.c.RepositoryConfigurationDelegate : Bootstrapping Spring Data JPA repositories in DEFAULT mode.
2023-09-07 11:25:13.948  INFO 4956 --- [restartedMain] .s.d.r.c.RepositoryConfigurationDelegate : Finished Spring Data repository scanning in 157 ms. Found 6 JPA repository interfaces.
2023-09-07 11:25:15.127  INFO 4956 --- [restartedMain] trationDelegate$BeanPostProcessorChecker : Bean 'org.springframework.security.access.expression.method.DefaultMethodSecurityExpressionHandler@51f56aa6' of type [org.springframework.security.access.expression.method.DefaultMethodSecurityExpressionHandler] is not eligible for getting processed by all BeanPostProcessors (for example: not eligible for auto-proxying)
2023-09-07 11:25:15.139  INFO 4956 --- [restartedMain] trationDelegate$BeanPostProcessorChecker : Bean 'methodSecurityMetadataSource' of type [org.springframework.security.access.method.DelegatingMethodSecurityMetadataSource] is not eligible for getting processed by all BeanPostProcessors (for example: not eligible for auto-proxying)
2023-09-07 11:25:18.672  INFO 4956 --- [restartedMain] o.s.b.w.embedded.tomcat.TomcatWebServer  : Tomcat initialized with port(s): 7070 (http)
2023-09-07 11:25:18.714  INFO 4956 --- [restartedMain] o.apache.catalina.core.StandardService   : Starting service [Tomcat]
2023-09-07 11:25:18.717  INFO 4956 --- [restartedMain] org.apache.catalina.core.StandardEngine  : Starting Servlet engine: [Apache Tomcat/9.0.48]
2023-09-07 11:25:19.660  INFO 4956 --- [restartedMain] o.a.c.c.C.[Tomcat].[localhost].[/]       : Initializing Spring embedded WebApplicationContext
2023-09-07 11:25:19.660  INFO 4956 --- [restartedMain] w.s.c.ServletWebServerApplicationContext : Root WebApplicationContext: initialization completed in 8538 ms
2023-09-07 11:25:20.640  INFO 4956 --- [restartedMain] o.hibernate.jpa.internal.util.LogHelper  : HHH000204: Processing PersistenceUnitInfo [name: default]
2023-09-07 11:25:21.255  INFO 4956 --- [restartedMain] org.hibernate.Version                    : HHH000412: Hibernate ORM core version 5.4.32.Final
2023-09-07 11:25:21.702  INFO 4956 --- [restartedMain] o.hibernate.annotations.common.Version   : HCANN000001: Hibernate Commons Annotations {5.1.2.Final}
2023-09-07 11:25:24.519  INFO 4956 --- [restartedMain] com.zaxxer.hikari.HikariDataSource       : HikariPool-1 - Starting...
2023-09-07 11:25:25.148  INFO 4956 --- [restartedMain] com.zaxxer.hikari.HikariDataSource       : HikariPool-1 - Start completed.
2023-09-07 11:25:25.225  INFO 4956 --- [restartedMain] org.hibernate.dialect.Dialect            : HHH000400: Using dialect: org.hibernate.dialect.PostgreSQLDialect
2023-09-07 11:25:27.823  INFO 4956 --- [restartedMain] o.h.e.t.j.p.i.JtaPlatformInitiator       : HHH000490: Using JtaPlatform implementation: [org.hibernate.engine.transaction.jta.platform.internal.NoJtaPlatform]
2023-09-07 11:25:27.840  INFO 4956 --- [restartedMain] j.LocalContainerEntityManagerFactoryBean : Initialized JPA EntityManagerFactory for persistence unit 'default'
2023-09-07 11:25:30.059  WARN 4956 --- [restartedMain] JpaBaseConfiguration$JpaWebConfiguration : spring.jpa.open-in-view is enabled by default. Therefore, database queries may be performed during view rendering. Explicitly configure spring.jpa.open-in-view to disable this warning
2023-09-07 11:25:32.098  INFO 4956 --- [restartedMain] o.s.s.web.DefaultSecurityFilterChain     : Will secure any request with [org.springframework.security.web.context.request.async.WebAsyncManagerIntegrationFilter@19de0d4d, org.springframework.security.web.context.SecurityContextPersistenceFilter@36879c43, org.springframework.security.web.header.HeaderWriterFilter@1c6cb743, org.springframework.security.web.authentication.logout.LogoutFilter@5b39761c, com.nest.epargne.security.JWTAuthorizationFilter@5fbfcca1, org.springframework.security.web.savedrequest.RequestCacheAwareFilter@2f07e4b3, org.springframework.security.web.servletapi.SecurityContextHolderAwareRequestFilter@5f77e1c, org.springframework.security.web.authentication.AnonymousAuthenticationFilter@45d8fe53, org.springframework.security.web.session.SessionManagementFilter@122aeb99, org.springframework.security.web.access.ExceptionTranslationFilter@5173c099, org.springframework.security.web.access.intercept.FilterSecurityInterceptor@49effc72]
2023-09-07 11:25:32.908  INFO 4956 --- [restartedMain] o.s.b.a.w.s.WelcomePageHandlerMapping    : Adding welcome page: class path resource [static/index.html]
2023-09-07 11:25:33.869  INFO 4956 --- [restartedMain] o.s.b.d.a.OptionalLiveReloadServer       : LiveReload server is running on port 35729
2023-09-07 11:25:34.544  INFO 4956 --- [restartedMain] o.s.b.w.embedded.tomcat.TomcatWebServer  : Tomcat started on port(s): 7070 (http) with context path ''
2023-09-07 11:25:34.720  INFO 4956 --- [restartedMain] com.nest.epargne.EpargneApplication      : Started EpargneApplication in 24.945 seconds (JVM running for 27.332)
2023-09-07 11:25:35.545  INFO 4956 --- [restartedMain] c.nest.epargne.services.AccountService   :  Le compte par defaut a √©t√© cr√©e avec un code : 201 :Ce num√©ro de t√©l√©phone est d√©j√† utilis√© svp !
2023-09-07 11:26:10.068  INFO 4956 --- [http-nio-7070-exec-1] o.a.c.c.C.[Tomcat].[localhost].[/]       : Initializing Spring DispatcherServlet 'dispatcherServlet'
2023-09-07 11:26:10.068  INFO 4956 --- [http-nio-7070-exec-1] o.s.web.servlet.DispatcherServlet        : Initializing Servlet 'dispatcherServlet'
2023-09-07 11:26:10.084  INFO 4956 --- [http-nio-7070-exec-1] o.s.web.servlet.DispatcherServlet        : Completed initialization in 16 ms
2023-09-07 11:58:40.699  INFO 4956 --- [SpringApplicationShutdownHook] j.LocalContainerEntityManagerFactoryBean : Closing JPA EntityManagerFactory for persistence unit 'default'
2023-09-07 11:58:40.699  INFO 4956 --- [SpringApplicationShutdownHook] com.zaxxer.hikari.HikariDataSource       : HikariPool-1 - Shutdown initiated...
2023-09-07 11:58:40.746  INFO 4956 --- [SpringApplicationShutdownHook] com.zaxxer.hikari.HikariDataSource       : HikariPool-1 - Shutdown completed.
2023-09-07 12:46:12.286  INFO 11088 --- [restartedMain] com.nest.epargne.EpargneApplication      : Starting EpargneApplication using Java 17.0.7 on Arouna with PID 11088 (H:\MES-PROJET\epargne-backend\target\classes started by Arouna in H:\MES-PROJET\epargne-backend)
2023-09-07 12:46:12.293  INFO 11088 --- [restartedMain] com.nest.epargne.EpargneApplication      : No active profile set, falling back to default profiles: default
2023-09-07 12:46:12.414  INFO 11088 --- [restartedMain] o.s.b.devtools.restart.ChangeableUrls    : The Class-Path manifest attribute in C:\Users\yabyo\.m2\repository\org\glassfish\hk2\hk2\2.6.1\hk2-2.6.1.jar referenced one or more files that do not exist: file:/C:/Users/yabyo/.m2/repository/org/glassfish/hk2/hk2/2.6.1/hk2-utils.jar,file:/C:/Users/yabyo/.m2/repository/org/glassfish/hk2/hk2/2.6.1/jakarta.annotation-api.jar,file:/C:/Users/yabyo/.m2/repository/org/glassfish/hk2/hk2/2.6.1/jakarta.inject.jar,file:/C:/Users/yabyo/.m2/repository/org/glassfish/hk2/hk2/2.6.1/hk2-api.jar,file:/C:/Users/yabyo/.m2/repository/org/glassfish/hk2/hk2/2.6.1/aopalliance-repackaged.jar,file:/C:/Users/yabyo/.m2/repository/org/glassfish/hk2/hk2/2.6.1/hk2-core.jar,file:/C:/Users/yabyo/.m2/repository/org/glassfish/hk2/hk2/2.6.1/hk2-locator.jar,file:/C:/Users/yabyo/.m2/repository/org/glassfish/hk2/hk2/2.6.1/javassist.jar,file:/C:/Users/yabyo/.m2/repository/org/glassfish/hk2/hk2/2.6.1/hk2-runlevel.jar,file:/C:/Users/yabyo/.m2/repository/org/glassfish/hk2/hk2/2.6.1/class-model.jar,file:/C:/Users/yabyo/.m2/repository/org/glassfish/hk2/hk2/2.6.1/asm.jar,file:/C:/Users/yabyo/.m2/repository/org/glassfish/hk2/hk2/2.6.1/asm-analysis.jar,file:/C:/Users/yabyo/.m2/repository/org/glassfish/hk2/hk2/2.6.1/asm-commons.jar,file:/C:/Users/yabyo/.m2/repository/org/glassfish/hk2/hk2/2.6.1/asm-tree.jar,file:/C:/Users/yabyo/.m2/repository/org/glassfish/hk2/hk2/2.6.1/asm-util.jar
2023-09-07 12:46:12.415  INFO 11088 --- [restartedMain] .e.DevToolsPropertyDefaultsPostProcessor : Devtools property defaults active! Set 'spring.devtools.add-properties' to 'false' to disable
2023-09-07 12:46:12.415  INFO 11088 --- [restartedMain] .e.DevToolsPropertyDefaultsPostProcessor : For additional web related logging consider setting the 'logging.level.web' property to 'DEBUG'
2023-09-07 12:46:14.592  INFO 11088 --- [restartedMain] .s.d.r.c.RepositoryConfigurationDelegate : Bootstrapping Spring Data JPA repositories in DEFAULT mode.
2023-09-07 12:46:14.737  INFO 11088 --- [restartedMain] .s.d.r.c.RepositoryConfigurationDelegate : Finished Spring Data repository scanning in 129 ms. Found 6 JPA repository interfaces.
2023-09-07 12:46:15.899  INFO 11088 --- [restartedMain] trationDelegate$BeanPostProcessorChecker : Bean 'org.springframework.security.access.expression.method.DefaultMethodSecurityExpressionHandler@7fbb400e' of type [org.springframework.security.access.expression.method.DefaultMethodSecurityExpressionHandler] is not eligible for getting processed by all BeanPostProcessors (for example: not eligible for auto-proxying)
2023-09-07 12:46:15.913  INFO 11088 --- [restartedMain] trationDelegate$BeanPostProcessorChecker : Bean 'methodSecurityMetadataSource' of type [org.springframework.security.access.method.DelegatingMethodSecurityMetadataSource] is not eligible for getting processed by all BeanPostProcessors (for example: not eligible for auto-proxying)
2023-09-07 12:46:17.308  INFO 11088 --- [restartedMain] o.s.b.w.embedded.tomcat.TomcatWebServer  : Tomcat initialized with port(s): 7070 (http)
2023-09-07 12:46:17.392  INFO 11088 --- [restartedMain] o.apache.catalina.core.StandardService   : Starting service [Tomcat]
2023-09-07 12:46:17.394  INFO 11088 --- [restartedMain] org.apache.catalina.core.StandardEngine  : Starting Servlet engine: [Apache Tomcat/9.0.48]
2023-09-07 12:46:17.990  INFO 11088 --- [restartedMain] o.a.c.c.C.[Tomcat].[localhost].[/]       : Initializing Spring embedded WebApplicationContext
2023-09-07 12:46:17.993  INFO 11088 --- [restartedMain] w.s.c.ServletWebServerApplicationContext : Root WebApplicationContext: initialization completed in 5575 ms
2023-09-07 12:46:19.246  INFO 11088 --- [restartedMain] o.hibernate.jpa.internal.util.LogHelper  : HHH000204: Processing PersistenceUnitInfo [name: default]
2023-09-07 12:46:19.403  INFO 11088 --- [restartedMain] org.hibernate.Version                    : HHH000412: Hibernate ORM core version 5.4.32.Final
2023-09-07 12:46:19.755  INFO 11088 --- [restartedMain] o.hibernate.annotations.common.Version   : HCANN000001: Hibernate Commons Annotations {5.1.2.Final}
2023-09-07 12:46:20.034  INFO 11088 --- [restartedMain] com.zaxxer.hikari.HikariDataSource       : HikariPool-1 - Starting...
2023-09-07 12:46:20.694  INFO 11088 --- [restartedMain] com.zaxxer.hikari.HikariDataSource       : HikariPool-1 - Start completed.
2023-09-07 12:46:20.800  INFO 11088 --- [restartedMain] org.hibernate.dialect.Dialect            : HHH000400: Using dialect: org.hibernate.dialect.PostgreSQLDialect
2023-09-07 12:46:23.726  INFO 11088 --- [restartedMain] o.h.e.t.j.p.i.JtaPlatformInitiator       : HHH000490: Using JtaPlatform implementation: [org.hibernate.engine.transaction.jta.platform.internal.NoJtaPlatform]
2023-09-07 12:46:23.747  INFO 11088 --- [restartedMain] j.LocalContainerEntityManagerFactoryBean : Initialized JPA EntityManagerFactory for persistence unit 'default'
2023-09-07 12:46:24.865  WARN 11088 --- [restartedMain] JpaBaseConfiguration$JpaWebConfiguration : spring.jpa.open-in-view is enabled by default. Therefore, database queries may be performed during view rendering. Explicitly configure spring.jpa.open-in-view to disable this warning
2023-09-07 12:46:25.773  INFO 11088 --- [restartedMain] o.s.s.web.DefaultSecurityFilterChain     : Will secure any request with [org.springframework.security.web.context.request.async.WebAsyncManagerIntegrationFilter@51230012, org.springframework.security.web.context.SecurityContextPersistenceFilter@5f234a0c, org.springframework.security.web.header.HeaderWriterFilter@464546ed, org.springframework.security.web.authentication.logout.LogoutFilter@1e793f5e, com.nest.epargne.security.JWTAuthorizationFilter@4dfb0162, org.springframework.security.web.savedrequest.RequestCacheAwareFilter@503f3160, org.springframework.security.web.servletapi.SecurityContextHolderAwareRequestFilter@596a19a1, org.springframework.security.web.authentication.AnonymousAuthenticationFilter@956390e, org.springframework.security.web.session.SessionManagementFilter@1558a873, org.springframework.security.web.access.ExceptionTranslationFilter@2bf7805a, org.springframework.security.web.access.intercept.FilterSecurityInterceptor@fbfd8b]
2023-09-07 12:46:26.381  INFO 11088 --- [restartedMain] o.s.b.a.w.s.WelcomePageHandlerMapping    : Adding welcome page: class path resource [static/index.html]
2023-09-07 12:46:27.168  INFO 11088 --- [restartedMain] o.s.b.d.a.OptionalLiveReloadServer       : LiveReload server is running on port 35729
2023-09-07 12:46:27.473  INFO 11088 --- [restartedMain] o.s.b.w.embedded.tomcat.TomcatWebServer  : Tomcat started on port(s): 7070 (http) with context path ''
2023-09-07 12:46:27.576  INFO 11088 --- [restartedMain] com.nest.epargne.EpargneApplication      : Started EpargneApplication in 16.245 seconds (JVM running for 17.789)
2023-09-07 12:46:27.921  INFO 11088 --- [restartedMain] c.nest.epargne.services.AccountService   :  Le compte par defaut a √©t√© cr√©e avec un code : 201 :Ce num√©ro de t√©l√©phone est d√©j√† utilis√© svp !
2023-09-07 12:46:46.517  INFO 11088 --- [http-nio-7070-exec-4] o.a.c.c.C.[Tomcat].[localhost].[/]       : Initializing Spring DispatcherServlet 'dispatcherServlet'
2023-09-07 12:46:46.521  INFO 11088 --- [http-nio-7070-exec-4] o.s.web.servlet.DispatcherServlet        : Initializing Servlet 'dispatcherServlet'
2023-09-07 12:46:46.524  INFO 11088 --- [http-nio-7070-exec-4] o.s.web.servlet.DispatcherServlet        : Completed initialization in 3 ms
2023-09-07 13:01:40.444  WARN 11088 --- [http-nio-7070-exec-2] .w.s.m.s.DefaultHandlerExceptionResolver : Resolved [org.springframework.web.method.annotation.MethodArgumentTypeMismatchException: Failed to convert value of type 'java.lang.String' to required type 'java.lang.Long'; nested exception is java.lang.NumberFormatException: For input string: "undefined"]
2023-09-07 13:01:40.500  WARN 11088 --- [http-nio-7070-exec-5] .w.s.m.s.DefaultHandlerExceptionResolver : Resolved [org.springframework.web.method.annotation.MethodArgumentTypeMismatchException: Failed to convert value of type 'java.lang.String' to required type 'java.lang.Long'; nested exception is java.lang.NumberFormatException: For input string: "undefined"]
2023-09-07 13:02:15.684  WARN 11088 --- [http-nio-7070-exec-6] .w.s.m.s.DefaultHandlerExceptionResolver : Resolved [org.springframework.web.method.annotation.MethodArgumentTypeMismatchException: Failed to convert value of type 'java.lang.String' to required type 'java.lang.Long'; nested exception is java.lang.NumberFormatException: For input string: "undefined"]
2023-09-07 13:02:15.694  WARN 11088 --- [http-nio-7070-exec-5] .w.s.m.s.DefaultHandlerExceptionResolver : Resolved [org.springframework.web.method.annotation.MethodArgumentTypeMismatchException: Failed to convert value of type 'java.lang.String' to required type 'java.lang.Long'; nested exception is java.lang.NumberFormatException: For input string: "undefined"]
2023-09-07 13:03:29.434  WARN 11088 --- [http-nio-7070-exec-1] .w.s.m.s.DefaultHandlerExceptionResolver : Resolved [org.springframework.web.method.annotation.MethodArgumentTypeMismatchException: Failed to convert value of type 'java.lang.String' to required type 'java.lang.Long'; nested exception is java.lang.NumberFormatException: For input string: "undefined"]
2023-09-07 13:03:29.462  WARN 11088 --- [http-nio-7070-exec-2] .w.s.m.s.DefaultHandlerExceptionResolver : Resolved [org.springframework.web.method.annotation.MethodArgumentTypeMismatchException: Failed to convert value of type 'java.lang.String' to required type 'java.lang.Long'; nested exception is java.lang.NumberFormatException: For input string: "undefined"]
2023-09-07 14:18:05.167  INFO 11088 --- [SpringApplicationShutdownHook] j.LocalContainerEntityManagerFactoryBean : Closing JPA EntityManagerFactory for persistence unit 'default'
2023-09-07 14:18:05.289  INFO 11088 --- [SpringApplicationShutdownHook] com.zaxxer.hikari.HikariDataSource       : HikariPool-1 - Shutdown initiated...
2023-09-07 14:18:05.310  INFO 11088 --- [SpringApplicationShutdownHook] com.zaxxer.hikari.HikariDataSource       : HikariPool-1 - Shutdown completed.
2023-09-07 14:20:02.096  INFO 2792 --- [main] c.nest.epargne.EpargneApplicationTests   : Starting EpargneApplicationTests using Java 17.0.7 on Arouna with PID 2792 (started by Arouna in H:\MES-PROJET\epargne-backend)
2023-09-07 14:20:02.107  INFO 2792 --- [main] c.nest.epargne.EpargneApplicationTests   : No active profile set, falling back to default profiles: default
2023-09-07 14:20:04.152  INFO 2792 --- [main] .s.d.r.c.RepositoryConfigurationDelegate : Bootstrapping Spring Data JPA repositories in DEFAULT mode.
2023-09-07 14:20:04.451  INFO 2792 --- [main] .s.d.r.c.RepositoryConfigurationDelegate : Finished Spring Data repository scanning in 287 ms. Found 6 JPA repository interfaces.
2023-09-07 14:20:06.130  INFO 2792 --- [main] trationDelegate$BeanPostProcessorChecker : Bean 'org.springframework.security.access.expression.method.DefaultMethodSecurityExpressionHandler@23ed382c' of type [org.springframework.security.access.expression.method.DefaultMethodSecurityExpressionHandler] is not eligible for getting processed by all BeanPostProcessors (for example: not eligible for auto-proxying)
2023-09-07 14:20:06.177  INFO 2792 --- [main] trationDelegate$BeanPostProcessorChecker : Bean 'methodSecurityMetadataSource' of type [org.springframework.security.access.method.DelegatingMethodSecurityMetadataSource] is not eligible for getting processed by all BeanPostProcessors (for example: not eligible for auto-proxying)
2023-09-07 14:20:06.806  INFO 2792 --- [main] o.hibernate.jpa.internal.util.LogHelper  : HHH000204: Processing PersistenceUnitInfo [name: default]
2023-09-07 14:20:06.977  INFO 2792 --- [main] org.hibernate.Version                    : HHH000412: Hibernate ORM core version 5.4.32.Final
2023-09-07 14:20:07.338  INFO 2792 --- [main] o.hibernate.annotations.common.Version   : HCANN000001: Hibernate Commons Annotations {5.1.2.Final}
2023-09-07 14:20:07.856  INFO 2792 --- [main] com.zaxxer.hikari.HikariDataSource       : HikariPool-1 - Starting...
2023-09-07 14:20:08.342  INFO 2792 --- [main] com.zaxxer.hikari.HikariDataSource       : HikariPool-1 - Start completed.
2023-09-07 14:20:08.468  INFO 2792 --- [main] org.hibernate.dialect.Dialect            : HHH000400: Using dialect: org.hibernate.dialect.PostgreSQLDialect
2023-09-07 14:20:10.712  INFO 2792 --- [main] o.h.e.t.j.p.i.JtaPlatformInitiator       : HHH000490: Using JtaPlatform implementation: [org.hibernate.engine.transaction.jta.platform.internal.NoJtaPlatform]
2023-09-07 14:20:10.728  INFO 2792 --- [main] j.LocalContainerEntityManagerFactoryBean : Initialized JPA EntityManagerFactory for persistence unit 'default'
2023-09-07 14:20:11.890  WARN 2792 --- [main] JpaBaseConfiguration$JpaWebConfiguration : spring.jpa.open-in-view is enabled by default. Therefore, database queries may be performed during view rendering. Explicitly configure spring.jpa.open-in-view to disable this warning
2023-09-07 14:20:13.052  INFO 2792 --- [main] o.s.s.web.DefaultSecurityFilterChain     : Will secure any request with [org.springframework.security.web.context.request.async.WebAsyncManagerIntegrationFilter@241abc2, org.springframework.security.web.context.SecurityContextPersistenceFilter@10660795, org.springframework.security.web.header.HeaderWriterFilter@2f03fdc0, org.springframework.security.web.authentication.logout.LogoutFilter@13552290, com.nest.epargne.security.JWTAuthorizationFilter@68e094c9, org.springframework.security.web.savedrequest.RequestCacheAwareFilter@ec1b776, org.springframework.security.web.servletapi.SecurityContextHolderAwareRequestFilter@3adb4cc8, org.springframework.security.web.authentication.AnonymousAuthenticationFilter@7e5e7753, org.springframework.security.web.session.SessionManagementFilter@4df13b7e, org.springframework.security.web.access.ExceptionTranslationFilter@e581302, org.springframework.security.web.access.intercept.FilterSecurityInterceptor@3ec98000]
2023-09-07 14:20:14.008  INFO 2792 --- [main] o.s.b.a.w.s.WelcomePageHandlerMapping    : Adding welcome page: class path resource [static/index.html]
2023-09-07 14:20:14.872  INFO 2792 --- [main] c.nest.epargne.EpargneApplicationTests   : Started EpargneApplicationTests in 13.408 seconds (JVM running for 15.779)
2023-09-07 14:20:15.280  INFO 2792 --- [main] c.nest.epargne.services.AccountService   :  Le compte par defaut a ÈtÈ crÈe avec un code : 201 :Ce numÈro de tÈlÈphone est dÈj‡ utilisÈ svp !
2023-09-07 14:20:15.750  INFO 2792 --- [main] o.s.t.c.s.DefaultTestContextBootstrapper : Neither @ContextConfiguration nor @ContextHierarchy found for test class [com.nest.epargne.service.AccountServiceTest], using DelegatingSmartContextLoader
2023-09-07 14:20:15.766  INFO 2792 --- [main] o.s.t.c.support.AbstractContextLoader    : Could not detect default resource locations for test class [com.nest.epargne.service.AccountServiceTest]: no resource found for suffixes {-context.xml}.
2023-09-07 14:20:15.766  INFO 2792 --- [main] t.c.s.AnnotationConfigContextLoaderUtils : Could not detect default configuration classes for test class [com.nest.epargne.service.AccountServiceTest]: AccountServiceTest does not declare any static, non-private, non-final, nested classes annotated with @Configuration.
2023-09-07 14:20:15.766  INFO 2792 --- [main] o.s.t.c.s.DefaultTestContextBootstrapper : Loaded default TestExecutionListener class names from location [META-INF/spring.factories]: [org.springframework.boot.test.mock.mockito.MockitoTestExecutionListener, org.springframework.boot.test.mock.mockito.ResetMocksTestExecutionListener, org.springframework.boot.test.autoconfigure.restdocs.RestDocsTestExecutionListener, org.springframework.boot.test.autoconfigure.web.client.MockRestServiceServerResetTestExecutionListener, org.springframework.boot.test.autoconfigure.web.servlet.MockMvcPrintOnlyOnFailureTestExecutionListener, org.springframework.boot.test.autoconfigure.web.servlet.WebDriverTestExecutionListener, org.springframework.boot.test.autoconfigure.webservices.client.MockWebServiceServerTestExecutionListener, org.springframework.test.context.web.ServletTestExecutionListener, org.springframework.test.context.support.DirtiesContextBeforeModesTestExecutionListener, org.springframework.test.context.event.ApplicationEventsTestExecutionListener, org.springframework.test.context.support.DependencyInjectionTestExecutionListener, org.springframework.test.context.support.DirtiesContextTestExecutionListener, org.springframework.test.context.transaction.TransactionalTestExecutionListener, org.springframework.test.context.jdbc.SqlScriptsTestExecutionListener, org.springframework.test.context.event.EventPublishingTestExecutionListener]
2023-09-07 14:20:15.766  INFO 2792 --- [main] o.s.t.c.s.DefaultTestContextBootstrapper : Using TestExecutionListeners: [org.springframework.test.context.web.ServletTestExecutionListener@4a5a8c6f, org.springframework.test.context.support.DirtiesContextBeforeModesTestExecutionListener@5e8f0c54, org.springframework.test.context.event.ApplicationEventsTestExecutionListener@2aaed928, org.springframework.boot.test.mock.mockito.MockitoTestExecutionListener@155cf9f6, org.springframework.test.context.support.DependencyInjectionTestExecutionListener@b7b26c6, org.springframework.test.context.support.DirtiesContextTestExecutionListener@2db07651, org.springframework.test.context.transaction.TransactionalTestExecutionListener@718b9d56, org.springframework.test.context.jdbc.SqlScriptsTestExecutionListener@36a59d8, org.springframework.test.context.event.EventPublishingTestExecutionListener@51751265, org.springframework.boot.test.mock.mockito.ResetMocksTestExecutionListener@7f59f4e4, org.springframework.boot.test.autoconfigure.restdocs.RestDocsTestExecutionListener@5295a774, org.springframework.boot.test.autoconfigure.web.client.MockRestServiceServerResetTestExecutionListener@3e09067, org.springframework.boot.test.autoconfigure.web.servlet.MockMvcPrintOnlyOnFailureTestExecutionListener@7a7f5c44, org.springframework.boot.test.autoconfigure.web.servlet.WebDriverTestExecutionListener@4ab1693b, org.springframework.boot.test.autoconfigure.webservices.client.MockWebServiceServerTestExecutionListener@35e0d91e]
2023-09-07 14:20:16.930  INFO 2792 --- [SpringApplicationShutdownHook] j.LocalContainerEntityManagerFactoryBean : Closing JPA EntityManagerFactory for persistence unit 'default'
2023-09-07 14:20:16.943  INFO 2792 --- [SpringApplicationShutdownHook] com.zaxxer.hikari.HikariDataSource       : HikariPool-1 - Shutdown initiated...
2023-09-07 14:20:17.022  INFO 2792 --- [SpringApplicationShutdownHook] com.zaxxer.hikari.HikariDataSource       : HikariPool-1 - Shutdown completed.
2023-09-07 15:32:40.599  INFO 14604 --- [restartedMain] com.nest.epargne.EpargneApplication      : Starting EpargneApplication using Java 17.0.7 on Arouna with PID 14604 (H:\MES-PROJET\epargne-backend\target\classes started by Arouna in H:\MES-PROJET\epargne-backend)
2023-09-07 15:32:40.605  INFO 14604 --- [restartedMain] com.nest.epargne.EpargneApplication      : No active profile set, falling back to default profiles: default
2023-09-07 15:32:40.725  INFO 14604 --- [restartedMain] o.s.b.devtools.restart.ChangeableUrls    : The Class-Path manifest attribute in C:\Users\yabyo\.m2\repository\org\glassfish\hk2\hk2\2.6.1\hk2-2.6.1.jar referenced one or more files that do not exist: file:/C:/Users/yabyo/.m2/repository/org/glassfish/hk2/hk2/2.6.1/hk2-utils.jar,file:/C:/Users/yabyo/.m2/repository/org/glassfish/hk2/hk2/2.6.1/jakarta.annotation-api.jar,file:/C:/Users/yabyo/.m2/repository/org/glassfish/hk2/hk2/2.6.1/jakarta.inject.jar,file:/C:/Users/yabyo/.m2/repository/org/glassfish/hk2/hk2/2.6.1/hk2-api.jar,file:/C:/Users/yabyo/.m2/repository/org/glassfish/hk2/hk2/2.6.1/aopalliance-repackaged.jar,file:/C:/Users/yabyo/.m2/repository/org/glassfish/hk2/hk2/2.6.1/hk2-core.jar,file:/C:/Users/yabyo/.m2/repository/org/glassfish/hk2/hk2/2.6.1/hk2-locator.jar,file:/C:/Users/yabyo/.m2/repository/org/glassfish/hk2/hk2/2.6.1/javassist.jar,file:/C:/Users/yabyo/.m2/repository/org/glassfish/hk2/hk2/2.6.1/hk2-runlevel.jar,file:/C:/Users/yabyo/.m2/repository/org/glassfish/hk2/hk2/2.6.1/class-model.jar,file:/C:/Users/yabyo/.m2/repository/org/glassfish/hk2/hk2/2.6.1/asm.jar,file:/C:/Users/yabyo/.m2/repository/org/glassfish/hk2/hk2/2.6.1/asm-analysis.jar,file:/C:/Users/yabyo/.m2/repository/org/glassfish/hk2/hk2/2.6.1/asm-commons.jar,file:/C:/Users/yabyo/.m2/repository/org/glassfish/hk2/hk2/2.6.1/asm-tree.jar,file:/C:/Users/yabyo/.m2/repository/org/glassfish/hk2/hk2/2.6.1/asm-util.jar
2023-09-07 15:32:40.726  INFO 14604 --- [restartedMain] .e.DevToolsPropertyDefaultsPostProcessor : Devtools property defaults active! Set 'spring.devtools.add-properties' to 'false' to disable
2023-09-07 15:32:40.727  INFO 14604 --- [restartedMain] .e.DevToolsPropertyDefaultsPostProcessor : For additional web related logging consider setting the 'logging.level.web' property to 'DEBUG'
2023-09-07 15:32:43.542  INFO 14604 --- [restartedMain] .s.d.r.c.RepositoryConfigurationDelegate : Bootstrapping Spring Data JPA repositories in DEFAULT mode.
2023-09-07 15:32:43.727  INFO 14604 --- [restartedMain] .s.d.r.c.RepositoryConfigurationDelegate : Finished Spring Data repository scanning in 159 ms. Found 6 JPA repository interfaces.
2023-09-07 15:32:45.606  INFO 14604 --- [restartedMain] trationDelegate$BeanPostProcessorChecker : Bean 'org.springframework.security.access.expression.method.DefaultMethodSecurityExpressionHandler@3ebcb5ea' of type [org.springframework.security.access.expression.method.DefaultMethodSecurityExpressionHandler] is not eligible for getting processed by all BeanPostProcessors (for example: not eligible for auto-proxying)
2023-09-07 15:32:45.653  INFO 14604 --- [restartedMain] trationDelegate$BeanPostProcessorChecker : Bean 'methodSecurityMetadataSource' of type [org.springframework.security.access.method.DelegatingMethodSecurityMetadataSource] is not eligible for getting processed by all BeanPostProcessors (for example: not eligible for auto-proxying)
2023-09-07 15:32:47.785  INFO 14604 --- [restartedMain] o.s.b.w.embedded.tomcat.TomcatWebServer  : Tomcat initialized with port(s): 7070 (https)
2023-09-07 15:32:47.820  INFO 14604 --- [restartedMain] o.apache.catalina.core.StandardService   : Starting service [Tomcat]
2023-09-07 15:32:47.823  INFO 14604 --- [restartedMain] org.apache.catalina.core.StandardEngine  : Starting Servlet engine: [Apache Tomcat/9.0.48]
2023-09-07 15:32:48.261  INFO 14604 --- [restartedMain] o.a.c.c.C.[Tomcat].[localhost].[/]       : Initializing Spring embedded WebApplicationContext
2023-09-07 15:32:48.262  INFO 14604 --- [restartedMain] w.s.c.ServletWebServerApplicationContext : Root WebApplicationContext: initialization completed in 7531 ms
2023-09-07 15:32:48.825  INFO 14604 --- [restartedMain] o.hibernate.jpa.internal.util.LogHelper  : HHH000204: Processing PersistenceUnitInfo [name: default]
2023-09-07 15:32:48.963  INFO 14604 --- [restartedMain] org.hibernate.Version                    : HHH000412: Hibernate ORM core version 5.4.32.Final
2023-09-07 15:32:49.375  INFO 14604 --- [restartedMain] o.hibernate.annotations.common.Version   : HCANN000001: Hibernate Commons Annotations {5.1.2.Final}
2023-09-07 15:32:49.645  INFO 14604 --- [restartedMain] com.zaxxer.hikari.HikariDataSource       : HikariPool-1 - Starting...
2023-09-07 15:32:50.276  INFO 14604 --- [restartedMain] com.zaxxer.hikari.HikariDataSource       : HikariPool-1 - Start completed.
2023-09-07 15:32:50.339  INFO 14604 --- [restartedMain] org.hibernate.dialect.Dialect            : HHH000400: Using dialect: org.hibernate.dialect.PostgreSQLDialect
2023-09-07 15:32:52.114  INFO 14604 --- [restartedMain] o.h.e.t.j.p.i.JtaPlatformInitiator       : HHH000490: Using JtaPlatform implementation: [org.hibernate.engine.transaction.jta.platform.internal.NoJtaPlatform]
2023-09-07 15:32:52.129  INFO 14604 --- [restartedMain] j.LocalContainerEntityManagerFactoryBean : Initialized JPA EntityManagerFactory for persistence unit 'default'
2023-09-07 15:32:53.196  WARN 14604 --- [restartedMain] JpaBaseConfiguration$JpaWebConfiguration : spring.jpa.open-in-view is enabled by default. Therefore, database queries may be performed during view rendering. Explicitly configure spring.jpa.open-in-view to disable this warning
2023-09-07 15:32:54.059  INFO 14604 --- [restartedMain] o.s.s.web.DefaultSecurityFilterChain     : Will secure any request with [org.springframework.security.web.context.request.async.WebAsyncManagerIntegrationFilter@25274323, org.springframework.security.web.context.SecurityContextPersistenceFilter@2e5a8b76, org.springframework.security.web.header.HeaderWriterFilter@12c58317, org.springframework.security.web.authentication.logout.LogoutFilter@75b4591, com.nest.epargne.security.JWTAuthorizationFilter@3e60c82e, org.springframework.security.web.savedrequest.RequestCacheAwareFilter@5b39761c, org.springframework.security.web.servletapi.SecurityContextHolderAwareRequestFilter@495d6b3c, org.springframework.security.web.authentication.AnonymousAuthenticationFilter@4f30b468, org.springframework.security.web.session.SessionManagementFilter@30a6011b, org.springframework.security.web.access.ExceptionTranslationFilter@2f78b0bd, org.springframework.security.web.access.intercept.FilterSecurityInterceptor@1ac4d6e8]
2023-09-07 15:32:54.624  INFO 14604 --- [restartedMain] o.s.b.a.w.s.WelcomePageHandlerMapping    : Adding welcome page: class path resource [static/index.html]
2023-09-07 15:32:55.267  INFO 14604 --- [restartedMain] o.s.b.d.a.OptionalLiveReloadServer       : LiveReload server is running on port 35729
2023-09-07 15:32:56.162  INFO 14604 --- [restartedMain] o.s.b.w.embedded.tomcat.TomcatWebServer  : Tomcat started on port(s): 7070 (https) with context path ''
2023-09-07 15:32:56.178  INFO 14604 --- [restartedMain] com.nest.epargne.EpargneApplication      : Started EpargneApplication in 16.673 seconds (JVM running for 18.491)
2023-09-07 15:32:56.554  INFO 14604 --- [restartedMain] c.nest.epargne.services.AccountService   :  Le compte par defaut a √©t√© cr√©e avec un code : 201 :Ce num√©ro de t√©l√©phone est d√©j√† utilis√© svp !
2023-09-07 15:34:13.306  INFO 14604 --- [SpringApplicationShutdownHook] j.LocalContainerEntityManagerFactoryBean : Closing JPA EntityManagerFactory for persistence unit 'default'
2023-09-07 15:34:13.320  INFO 14604 --- [SpringApplicationShutdownHook] com.zaxxer.hikari.HikariDataSource       : HikariPool-1 - Shutdown initiated...
2023-09-07 15:34:13.373  INFO 14604 --- [SpringApplicationShutdownHook] com.zaxxer.hikari.HikariDataSource       : HikariPool-1 - Shutdown completed.
2023-09-07 15:34:50.225  INFO 12728 --- [restartedMain] com.nest.epargne.EpargneApplication      : Starting EpargneApplication using Java 17.0.7 on Arouna with PID 12728 (H:\MES-PROJET\epargne-backend\target\classes started by Arouna in H:\MES-PROJET\epargne-backend)
2023-09-07 15:34:50.239  INFO 12728 --- [restartedMain] com.nest.epargne.EpargneApplication      : No active profile set, falling back to default profiles: default
2023-09-07 15:34:50.520  INFO 12728 --- [restartedMain] o.s.b.devtools.restart.ChangeableUrls    : The Class-Path manifest attribute in C:\Users\yabyo\.m2\repository\org\glassfish\hk2\hk2\2.6.1\hk2-2.6.1.jar referenced one or more files that do not exist: file:/C:/Users/yabyo/.m2/repository/org/glassfish/hk2/hk2/2.6.1/hk2-utils.jar,file:/C:/Users/yabyo/.m2/repository/org/glassfish/hk2/hk2/2.6.1/jakarta.annotation-api.jar,file:/C:/Users/yabyo/.m2/repository/org/glassfish/hk2/hk2/2.6.1/jakarta.inject.jar,file:/C:/Users/yabyo/.m2/repository/org/glassfish/hk2/hk2/2.6.1/hk2-api.jar,file:/C:/Users/yabyo/.m2/repository/org/glassfish/hk2/hk2/2.6.1/aopalliance-repackaged.jar,file:/C:/Users/yabyo/.m2/repository/org/glassfish/hk2/hk2/2.6.1/hk2-core.jar,file:/C:/Users/yabyo/.m2/repository/org/glassfish/hk2/hk2/2.6.1/hk2-locator.jar,file:/C:/Users/yabyo/.m2/repository/org/glassfish/hk2/hk2/2.6.1/javassist.jar,file:/C:/Users/yabyo/.m2/repository/org/glassfish/hk2/hk2/2.6.1/hk2-runlevel.jar,file:/C:/Users/yabyo/.m2/repository/org/glassfish/hk2/hk2/2.6.1/class-model.jar,file:/C:/Users/yabyo/.m2/repository/org/glassfish/hk2/hk2/2.6.1/asm.jar,file:/C:/Users/yabyo/.m2/repository/org/glassfish/hk2/hk2/2.6.1/asm-analysis.jar,file:/C:/Users/yabyo/.m2/repository/org/glassfish/hk2/hk2/2.6.1/asm-commons.jar,file:/C:/Users/yabyo/.m2/repository/org/glassfish/hk2/hk2/2.6.1/asm-tree.jar,file:/C:/Users/yabyo/.m2/repository/org/glassfish/hk2/hk2/2.6.1/asm-util.jar
2023-09-07 15:34:50.520  INFO 12728 --- [restartedMain] .e.DevToolsPropertyDefaultsPostProcessor : Devtools property defaults active! Set 'spring.devtools.add-properties' to 'false' to disable
2023-09-07 15:34:50.520  INFO 12728 --- [restartedMain] .e.DevToolsPropertyDefaultsPostProcessor : For additional web related logging consider setting the 'logging.level.web' property to 'DEBUG'
2023-09-07 15:34:53.196  INFO 12728 --- [restartedMain] .s.d.r.c.RepositoryConfigurationDelegate : Bootstrapping Spring Data JPA repositories in DEFAULT mode.
2023-09-07 15:34:53.366  INFO 12728 --- [restartedMain] .s.d.r.c.RepositoryConfigurationDelegate : Finished Spring Data repository scanning in 151 ms. Found 6 JPA repository interfaces.
2023-09-07 15:34:54.885  INFO 12728 --- [restartedMain] trationDelegate$BeanPostProcessorChecker : Bean 'org.springframework.security.access.expression.method.DefaultMethodSecurityExpressionHandler@4714b659' of type [org.springframework.security.access.expression.method.DefaultMethodSecurityExpressionHandler] is not eligible for getting processed by all BeanPostProcessors (for example: not eligible for auto-proxying)
2023-09-07 15:34:54.901  INFO 12728 --- [restartedMain] trationDelegate$BeanPostProcessorChecker : Bean 'methodSecurityMetadataSource' of type [org.springframework.security.access.method.DelegatingMethodSecurityMetadataSource] is not eligible for getting processed by all BeanPostProcessors (for example: not eligible for auto-proxying)
2023-09-07 15:34:56.596  INFO 12728 --- [restartedMain] o.s.b.w.embedded.tomcat.TomcatWebServer  : Tomcat initialized with port(s): 7070 (http)
2023-09-07 15:34:56.638  INFO 12728 --- [restartedMain] o.apache.catalina.core.StandardService   : Starting service [Tomcat]
2023-09-07 15:34:56.638  INFO 12728 --- [restartedMain] org.apache.catalina.core.StandardEngine  : Starting Servlet engine: [Apache Tomcat/9.0.48]
2023-09-07 15:34:57.570  INFO 12728 --- [restartedMain] o.a.c.c.C.[Tomcat].[localhost].[/]       : Initializing Spring embedded WebApplicationContext
2023-09-07 15:34:57.570  INFO 12728 --- [restartedMain] w.s.c.ServletWebServerApplicationContext : Root WebApplicationContext: initialization completed in 7050 ms
2023-09-07 15:34:58.213  INFO 12728 --- [restartedMain] o.hibernate.jpa.internal.util.LogHelper  : HHH000204: Processing PersistenceUnitInfo [name: default]
2023-09-07 15:34:58.402  INFO 12728 --- [restartedMain] org.hibernate.Version                    : HHH000412: Hibernate ORM core version 5.4.32.Final
2023-09-07 15:34:58.984  INFO 12728 --- [restartedMain] o.hibernate.annotations.common.Version   : HCANN000001: Hibernate Commons Annotations {5.1.2.Final}
2023-09-07 15:34:59.361  INFO 12728 --- [restartedMain] com.zaxxer.hikari.HikariDataSource       : HikariPool-1 - Starting...
2023-09-07 15:34:59.895  INFO 12728 --- [restartedMain] com.zaxxer.hikari.HikariDataSource       : HikariPool-1 - Start completed.
2023-09-07 15:34:59.957  INFO 12728 --- [restartedMain] org.hibernate.dialect.Dialect            : HHH000400: Using dialect: org.hibernate.dialect.PostgreSQLDialect
2023-09-07 15:35:02.342  INFO 12728 --- [restartedMain] o.h.e.t.j.p.i.JtaPlatformInitiator       : HHH000490: Using JtaPlatform implementation: [org.hibernate.engine.transaction.jta.platform.internal.NoJtaPlatform]
2023-09-07 15:35:02.363  INFO 12728 --- [restartedMain] j.LocalContainerEntityManagerFactoryBean : Initialized JPA EntityManagerFactory for persistence unit 'default'
2023-09-07 15:35:04.983  WARN 12728 --- [restartedMain] JpaBaseConfiguration$JpaWebConfiguration : spring.jpa.open-in-view is enabled by default. Therefore, database queries may be performed during view rendering. Explicitly configure spring.jpa.open-in-view to disable this warning
2023-09-07 15:35:07.617  INFO 12728 --- [restartedMain] o.s.s.web.DefaultSecurityFilterChain     : Will secure any request with [org.springframework.security.web.context.request.async.WebAsyncManagerIntegrationFilter@1a17b4a7, org.springframework.security.web.context.SecurityContextPersistenceFilter@47f4e3a2, org.springframework.security.web.header.HeaderWriterFilter@25fb79da, org.springframework.security.web.authentication.logout.LogoutFilter@63dac3b1, com.nest.epargne.security.JWTAuthorizationFilter@6c34e428, org.springframework.security.web.savedrequest.RequestCacheAwareFilter@5b971aac, org.springframework.security.web.servletapi.SecurityContextHolderAwareRequestFilter@600eb4ad, org.springframework.security.web.authentication.AnonymousAuthenticationFilter@2bed406f, org.springframework.security.web.session.SessionManagementFilter@1f1d44bd, org.springframework.security.web.access.ExceptionTranslationFilter@406a166a, org.springframework.security.web.access.intercept.FilterSecurityInterceptor@3ee654e6]
2023-09-07 15:35:08.838  INFO 12728 --- [restartedMain] o.s.b.a.w.s.WelcomePageHandlerMapping    : Adding welcome page: class path resource [static/index.html]
2023-09-07 15:35:10.084  INFO 12728 --- [restartedMain] o.s.b.d.a.OptionalLiveReloadServer       : LiveReload server is running on port 35729
2023-09-07 15:35:10.269  INFO 12728 --- [restartedMain] o.s.b.w.embedded.tomcat.TomcatWebServer  : Tomcat started on port(s): 7070 (http) with context path ''
2023-09-07 15:35:10.381  INFO 12728 --- [restartedMain] com.nest.epargne.EpargneApplication      : Started EpargneApplication in 22.03 seconds (JVM running for 24.773)
2023-09-07 15:35:11.502  INFO 12728 --- [restartedMain] c.nest.epargne.services.AccountService   :  Le compte par defaut a √©t√© cr√©e avec un code : 201 :Ce num√©ro de t√©l√©phone est d√©j√† utilis√© svp !
2023-09-07 15:36:40.756  INFO 12728 --- [SpringApplicationShutdownHook] j.LocalContainerEntityManagerFactoryBean : Closing JPA EntityManagerFactory for persistence unit 'default'
2023-09-07 15:36:40.763  INFO 12728 --- [SpringApplicationShutdownHook] com.zaxxer.hikari.HikariDataSource       : HikariPool-1 - Shutdown initiated...
2023-09-07 15:36:40.799  INFO 12728 --- [SpringApplicationShutdownHook] com.zaxxer.hikari.HikariDataSource       : HikariPool-1 - Shutdown completed.
2023-09-07 15:36:47.394  INFO 10188 --- [restartedMain] com.nest.epargne.EpargneApplication      : Starting EpargneApplication using Java 17.0.7 on Arouna with PID 10188 (H:\MES-PROJET\epargne-backend\target\classes started by Arouna in H:\MES-PROJET\epargne-backend)
2023-09-07 15:36:47.398  INFO 10188 --- [restartedMain] com.nest.epargne.EpargneApplication      : No active profile set, falling back to default profiles: default
2023-09-07 15:36:47.506  INFO 10188 --- [restartedMain] o.s.b.devtools.restart.ChangeableUrls    : The Class-Path manifest attribute in C:\Users\yabyo\.m2\repository\org\glassfish\hk2\hk2\2.6.1\hk2-2.6.1.jar referenced one or more files that do not exist: file:/C:/Users/yabyo/.m2/repository/org/glassfish/hk2/hk2/2.6.1/hk2-utils.jar,file:/C:/Users/yabyo/.m2/repository/org/glassfish/hk2/hk2/2.6.1/jakarta.annotation-api.jar,file:/C:/Users/yabyo/.m2/repository/org/glassfish/hk2/hk2/2.6.1/jakarta.inject.jar,file:/C:/Users/yabyo/.m2/repository/org/glassfish/hk2/hk2/2.6.1/hk2-api.jar,file:/C:/Users/yabyo/.m2/repository/org/glassfish/hk2/hk2/2.6.1/aopalliance-repackaged.jar,file:/C:/Users/yabyo/.m2/repository/org/glassfish/hk2/hk2/2.6.1/hk2-core.jar,file:/C:/Users/yabyo/.m2/repository/org/glassfish/hk2/hk2/2.6.1/hk2-locator.jar,file:/C:/Users/yabyo/.m2/repository/org/glassfish/hk2/hk2/2.6.1/javassist.jar,file:/C:/Users/yabyo/.m2/repository/org/glassfish/hk2/hk2/2.6.1/hk2-runlevel.jar,file:/C:/Users/yabyo/.m2/repository/org/glassfish/hk2/hk2/2.6.1/class-model.jar,file:/C:/Users/yabyo/.m2/repository/org/glassfish/hk2/hk2/2.6.1/asm.jar,file:/C:/Users/yabyo/.m2/repository/org/glassfish/hk2/hk2/2.6.1/asm-analysis.jar,file:/C:/Users/yabyo/.m2/repository/org/glassfish/hk2/hk2/2.6.1/asm-commons.jar,file:/C:/Users/yabyo/.m2/repository/org/glassfish/hk2/hk2/2.6.1/asm-tree.jar,file:/C:/Users/yabyo/.m2/repository/org/glassfish/hk2/hk2/2.6.1/asm-util.jar
2023-09-07 15:36:47.507  INFO 10188 --- [restartedMain] .e.DevToolsPropertyDefaultsPostProcessor : Devtools property defaults active! Set 'spring.devtools.add-properties' to 'false' to disable
2023-09-07 15:36:47.509  INFO 10188 --- [restartedMain] .e.DevToolsPropertyDefaultsPostProcessor : For additional web related logging consider setting the 'logging.level.web' property to 'DEBUG'
2023-09-07 15:36:50.151  INFO 10188 --- [restartedMain] .s.d.r.c.RepositoryConfigurationDelegate : Bootstrapping Spring Data JPA repositories in DEFAULT mode.
2023-09-07 15:36:50.602  INFO 10188 --- [restartedMain] .s.d.r.c.RepositoryConfigurationDelegate : Finished Spring Data repository scanning in 421 ms. Found 6 JPA repository interfaces.
2023-09-07 15:36:51.567  INFO 10188 --- [restartedMain] trationDelegate$BeanPostProcessorChecker : Bean 'org.springframework.security.access.expression.method.DefaultMethodSecurityExpressionHandler@4714b659' of type [org.springframework.security.access.expression.method.DefaultMethodSecurityExpressionHandler] is not eligible for getting processed by all BeanPostProcessors (for example: not eligible for auto-proxying)
2023-09-07 15:36:51.577  INFO 10188 --- [restartedMain] trationDelegate$BeanPostProcessorChecker : Bean 'methodSecurityMetadataSource' of type [org.springframework.security.access.method.DelegatingMethodSecurityMetadataSource] is not eligible for getting processed by all BeanPostProcessors (for example: not eligible for auto-proxying)
2023-09-07 15:36:53.246  INFO 10188 --- [restartedMain] o.s.b.w.embedded.tomcat.TomcatWebServer  : Tomcat initialized with port(s): 7070 (http)
2023-09-07 15:36:53.281  INFO 10188 --- [restartedMain] o.apache.catalina.core.StandardService   : Starting service [Tomcat]
2023-09-07 15:36:53.283  INFO 10188 --- [restartedMain] org.apache.catalina.core.StandardEngine  : Starting Servlet engine: [Apache Tomcat/9.0.48]
2023-09-07 15:36:53.833  INFO 10188 --- [restartedMain] o.a.c.c.C.[Tomcat].[localhost].[/]       : Initializing Spring embedded WebApplicationContext
2023-09-07 15:36:53.834  INFO 10188 --- [restartedMain] w.s.c.ServletWebServerApplicationContext : Root WebApplicationContext: initialization completed in 6321 ms
2023-09-07 15:36:54.273  INFO 10188 --- [restartedMain] o.hibernate.jpa.internal.util.LogHelper  : HHH000204: Processing PersistenceUnitInfo [name: default]
2023-09-07 15:36:54.418  INFO 10188 --- [restartedMain] org.hibernate.Version                    : HHH000412: Hibernate ORM core version 5.4.32.Final
2023-09-07 15:36:55.558  INFO 10188 --- [restartedMain] o.hibernate.annotations.common.Version   : HCANN000001: Hibernate Commons Annotations {5.1.2.Final}
2023-09-07 15:36:56.146  INFO 10188 --- [restartedMain] com.zaxxer.hikari.HikariDataSource       : HikariPool-1 - Starting...
2023-09-07 15:36:57.260  INFO 10188 --- [restartedMain] com.zaxxer.hikari.HikariDataSource       : HikariPool-1 - Start completed.
2023-09-07 15:36:57.307  INFO 10188 --- [restartedMain] org.hibernate.dialect.Dialect            : HHH000400: Using dialect: org.hibernate.dialect.PostgreSQLDialect
2023-09-07 15:36:59.488  INFO 10188 --- [restartedMain] o.h.e.t.j.p.i.JtaPlatformInitiator       : HHH000490: Using JtaPlatform implementation: [org.hibernate.engine.transaction.jta.platform.internal.NoJtaPlatform]
2023-09-07 15:36:59.508  INFO 10188 --- [restartedMain] j.LocalContainerEntityManagerFactoryBean : Initialized JPA EntityManagerFactory for persistence unit 'default'
2023-09-07 15:37:01.160  WARN 10188 --- [restartedMain] JpaBaseConfiguration$JpaWebConfiguration : spring.jpa.open-in-view is enabled by default. Therefore, database queries may be performed during view rendering. Explicitly configure spring.jpa.open-in-view to disable this warning
2023-09-07 15:37:02.564  INFO 10188 --- [restartedMain] o.s.s.web.DefaultSecurityFilterChain     : Will secure any request with [org.springframework.security.web.context.request.async.WebAsyncManagerIntegrationFilter@52d122bf, org.springframework.security.web.context.SecurityContextPersistenceFilter@dd71eea, org.springframework.security.web.header.HeaderWriterFilter@329b926, org.springframework.security.web.authentication.logout.LogoutFilter@4024ec1b, com.nest.epargne.security.JWTAuthorizationFilter@215a0144, org.springframework.security.web.savedrequest.RequestCacheAwareFilter@2cc06a97, org.springframework.security.web.servletapi.SecurityContextHolderAwareRequestFilter@5b39761c, org.springframework.security.web.authentication.AnonymousAuthenticationFilter@3ee654e6, org.springframework.security.web.session.SessionManagementFilter@5a3fe9d8, org.springframework.security.web.access.ExceptionTranslationFilter@1f373863, org.springframework.security.web.access.intercept.FilterSecurityInterceptor@5e8845cc]
2023-09-07 15:37:03.666  INFO 10188 --- [restartedMain] o.s.b.a.w.s.WelcomePageHandlerMapping    : Adding welcome page: class path resource [static/index.html]
2023-09-07 15:37:04.946  INFO 10188 --- [restartedMain] o.s.b.d.a.OptionalLiveReloadServer       : LiveReload server is running on port 35729
2023-09-07 15:37:05.232  INFO 10188 --- [restartedMain] o.s.b.w.embedded.tomcat.TomcatWebServer  : Tomcat started on port(s): 7070 (http) with context path ''
2023-09-07 15:37:05.262  INFO 10188 --- [restartedMain] com.nest.epargne.EpargneApplication      : Started EpargneApplication in 18.794 seconds (JVM running for 20.03)
2023-09-07 15:37:05.728  INFO 10188 --- [restartedMain] c.nest.epargne.services.AccountService   :  Le compte par defaut a √©t√© cr√©e avec un code : 201 :Ce num√©ro de t√©l√©phone est d√©j√† utilis√© svp !
2023-09-07 15:38:23.696  INFO 10188 --- [http-nio-7070-exec-1] o.a.c.c.C.[Tomcat].[localhost].[/]       : Initializing Spring DispatcherServlet 'dispatcherServlet'
2023-09-07 15:38:23.697  INFO 10188 --- [http-nio-7070-exec-1] o.s.web.servlet.DispatcherServlet        : Initializing Servlet 'dispatcherServlet'
2023-09-07 15:38:23.702  INFO 10188 --- [http-nio-7070-exec-1] o.s.web.servlet.DispatcherServlet        : Completed initialization in 5 ms
2023-09-07 16:06:28.186  INFO 10188 --- [SpringApplicationShutdownHook] j.LocalContainerEntityManagerFactoryBean : Closing JPA EntityManagerFactory for persistence unit 'default'
2023-09-07 16:06:28.207  INFO 10188 --- [SpringApplicationShutdownHook] com.zaxxer.hikari.HikariDataSource       : HikariPool-1 - Shutdown initiated...
2023-09-07 16:06:28.236  INFO 10188 --- [SpringApplicationShutdownHook] com.zaxxer.hikari.HikariDataSource       : HikariPool-1 - Shutdown completed.
